########### array before sorts ###########
0	72.610000	30.480000	131.140000	30.480000	n
1	131.140000	30.480000	131.140000	79.680000	n
2	131.140000	79.680000	72.610000	79.680000	n
3	72.610000	79.680000	72.610000	30.480000	n
Tolerance=0.050000.
*Exact match for i=0 and j=1.
*i point 72.610000	30.480000	131.140000	30.480000	y
*Exact match for i=1 and j=2.
*i point 131.140000	30.480000	131.140000	79.680000	y
*Exact match for i=2 and j=3.
*i point 131.140000	79.680000	72.610000	79.680000	y
########### array after sorts ###########
0	72.610000	30.480000	131.140000	30.480000	y
1	131.140000	30.480000	131.140000	79.680000	y
2	131.140000	79.680000	72.610000	79.680000	y
3	72.610000	79.680000	72.610000	30.480000	y
***************
.BOARD_OUTLINE UNOWNED
1.6
0     72.610000     30.480000     0
0     131.140000     30.480000     0
0     131.140000     79.680000     0
0     72.610000     79.680000     0
0     72.610000     30.480000     0
